---------------------------------------
Begin PBS Prologue Mon Feb  6 10:41:12 EST 2023
Job ID:     480411.sched-coc-ice.pace.gatech.edu
User ID:    zli867
Job name:   int_calc
Queue:      coc-ice
End PBS Prologue Mon Feb  6 10:41:12 EST 2023
---------------------------------------
Start experiment: integral step is 1000000
mpicxx -o int_calc main.cpp
main.cpp(13): remark #15009: main has been targeted for automatic cpu dispatch
main.cpp(4): remark #15009: _Z8integraliii has been targeted for automatic cpu dispatch
chmod 755 exp.sh
./exp.sh
1, 3.141592653590, 0.000861
1, 3.141592653590, 0.000835
1, 3.141592653590, 0.000819
1, 3.141592653590, 0.000818
1, 3.141592653590, 0.000798
2, 3.141592653590, 0.000425
2, 3.141592653590, 0.000424
2, 3.141592653590, 0.000423
2, 3.141592653590, 0.000414
2, 3.141592653590, 0.000429
3, 3.141592653590, 0.000289
3, 3.141592653590, 0.000276
3, 3.141592653590, 0.000290
3, 3.141592653590, 0.000283
3, 3.141592653590, 0.000277
4, 3.141592653590, 0.000228
4, 3.141592653590, 0.000230
4, 3.141592653590, 0.000228
4, 3.141592653590, 0.000232
4, 3.141592653590, 0.000235
5, 3.141592653590, 0.000190
5, 3.141592653590, 0.000202
5, 3.141592653590, 0.000193
5, 3.141592653590, 0.000194
5, 3.141592653590, 0.000191
6, 3.141592653590, 0.000164
6, 3.141592653590, 0.000167
6, 3.141592653590, 0.000159
6, 3.141592653590, 0.000168
6, 3.141592653590, 0.000170
7, 3.141592653590, 0.000154
7, 3.141592653590, 0.000151
7, 3.141592653590, 0.000148
7, 3.141592653590, 0.000162
7, 3.141592653590, 0.000158
8, 3.141592653590, 0.000142
8, 3.141592653590, 0.000136
8, 3.141592653590, 0.000137
8, 3.141592653590, 0.000135
8, 3.141592653590, 0.000139
9, 3.141592653590, 0.000122
9, 3.141592653590, 0.000134
9, 3.141592653590, 0.000134
9, 3.141592653590, 0.000133
9, 3.141592653590, 0.000121
10, 3.141592653590, 0.000124
10, 3.141592653590, 0.000120
10, 3.141592653590, 0.000124
10, 3.141592653590, 0.000117
10, 3.141592653590, 0.000126
11, 3.141592653590, 0.000117
11, 3.141592653590, 0.000125
11, 3.141592653590, 0.000119
11, 3.141592653590, 0.000113
11, 3.141592653590, 0.000114
12, 3.141592653590, 0.000105
12, 3.141592653590, 0.000113
12, 3.141592653590, 0.000113
12, 3.141592653590, 0.000109
12, 3.141592653590, 0.000112
13, 3.141592653590, 0.000110
13, 3.141592653590, 0.000110
13, 3.141592653590, 0.000107
13, 3.141592653590, 0.000121
13, 3.141592653590, 0.000108
14, 3.141592653590, 0.000117
14, 3.141592653590, 0.000106
14, 3.141592653590, 0.000112
14, 3.141592653590, 0.000108
14, 3.141592653590, 0.000107
15, 3.141592653590, 0.000115
15, 3.141592653590, 0.000122
15, 3.141592653590, 0.000105
15, 3.141592653590, 0.000113
15, 3.141592653590, 0.000110
16, 3.141592653590, 0.000106
16, 3.141592653590, 0.000111
16, 3.141592653590, 0.000106
16, 3.141592653590, 0.000114
16, 3.141592653590, 0.000106
---------------------------------------
Begin PBS Epilogue Mon Feb  6 10:41:39 EST 2023
Job ID:     480411.sched-coc-ice.pace.gatech.edu
User ID:    zli867
Job name:   int_calc
Resources:  nodes=1:ppn=16,walltime=00:30:00,neednodes=1:ppn=16
Rsrc Used:  cput=00:00:57,vmem=545900kb,walltime=00:00:27,mem=5608kb,energy_used=0
Queue:      coc-ice
Nodes:     
atl1-1-02-003-20-l.pace.gatech.edu
End PBS Epilogue Mon Feb  6 10:41:40 EST 2023
---------------------------------------
